
=======================================================
SINGLE-GPU TRAINING: data/exp/full_distill.jsonl
  87,395 texts → 23,337,509 tokens
=======================================================
  192,987,648 params | 10824 steps | bs=4x1024 | 2 epochs | LR=0.0005
  step     1/10824 | loss=9.1140 ppl=9082 | 2K tok/s
  step     2/10824 | loss=9.0515 ppl=8532 | 4K tok/s
  step     3/10824 | loss=8.7922 ppl=6582 | 4K tok/s
  step     4/10824 | loss=8.9221 ppl=7496 | 5K tok/s
  step     5/10824 | loss=8.9499 ppl=7707 | 5K tok/s
  step     6/10824 | loss=8.8548 ppl=7008 | 5K tok/s
  step     7/10824 | loss=8.8032 ppl=6655 | 5K tok/s
  step     8/10824 | loss=8.7750 ppl=6471 | 5K tok/s
  step     9/10824 | loss=8.7194 ppl=6121 | 6K tok/s
  step    10/10824 | loss=8.6817 ppl=5894 | 6K tok/s
  step    50/10824 | loss=8.1428 ppl=3439 | 6K tok/s
  step   100/10824 | loss=7.4271 ppl=1681 | 6K tok/s
  step   150/10824 | loss=6.6099 ppl=742 | 6K tok/s
  step   200/10824 | loss=6.4480 ppl=631 | 6K tok/s
  step   250/10824 | loss=6.1059 ppl=448 | 6K tok/s
  step   300/10824 | loss=5.6809 ppl=293 | 6K tok/s
  step   350/10824 | loss=5.1921 ppl=180 | 6K tok/s
  step   400/10824 | loss=4.7249 ppl=113 | 6K tok/s
  step   450/10824 | loss=4.8177 ppl=124 | 6K tok/s
  step   500/10824 | loss=4.6817 ppl=108 | 6K tok/s
  step   550/10824 | loss=3.9369 ppl=51 | 6K tok/s
  step   600/10824 | loss=4.3119 ppl=75 | 6K tok/s
  step   650/10824 | loss=3.8164 ppl=45 | 6K tok/s
  step   700/10824 | loss=3.7045 ppl=41 | 6K tok/s
  step   750/10824 | loss=3.6413 ppl=38 | 6K tok/s
  step   800/10824 | loss=3.3819 ppl=29 | 6K tok/s
  step   850/10824 | loss=3.1286 ppl=23 | 6K tok/s
  step   900/10824 | loss=3.2205 ppl=25 | 6K tok/s
  step   950/10824 | loss=3.3065 ppl=27 | 6K tok/s
  step  1000/10824 | loss=3.2579 ppl=26 | 6K tok/s
  step  1050/10824 | loss=3.1112 ppl=22 | 6K tok/s
  step  1100/10824 | loss=2.9616 ppl=19 | 6K tok/s
  step  1150/10824 | loss=3.0808 ppl=22 | 6K tok/s
  step  1200/10824 | loss=2.7976 ppl=16 | 6K tok/s
  step  1250/10824 | loss=2.4273 ppl=11 | 6K tok/s
  step  1300/10824 | loss=2.6359 ppl=14 | 6K tok/s
  step  1350/10824 | loss=2.7421 ppl=16 | 6K tok/s
  step  1400/10824 | loss=2.4517 ppl=12 | 6K tok/s
  step  1450/10824 | loss=2.9207 ppl=19 | 6K tok/s
  step  1500/10824 | loss=2.7652 ppl=16 | 6K tok/s
  step  1550/10824 | loss=2.8582 ppl=17 | 6K tok/s
  step  1600/10824 | loss=2.4344 ppl=11 | 6K tok/s
  step  1650/10824 | loss=2.4896 ppl=12 | 6K tok/s
  step  1700/10824 | loss=2.5278 ppl=13 | 6K tok/s
  step  1750/10824 | loss=2.6952 ppl=15 | 6K tok/s
  step  1800/10824 | loss=2.0364 ppl=8 | 6K tok/s
  step  1850/10824 | loss=2.3641 ppl=11 | 6K tok/s
  step  1900/10824 | loss=2.3065 ppl=10 | 6K tok/s
  step  1950/10824 | loss=2.2269 ppl=9 | 6K tok/s
  step  2000/10824 | loss=2.6294 ppl=14 | 6K tok/s
  step  2050/10824 | loss=2.1309 ppl=8 | 6K tok/s
  step  2100/10824 | loss=2.2333 ppl=9 | 6K tok/s
  step  2150/10824 | loss=2.3427 ppl=10 | 6K tok/s
  step  2200/10824 | loss=2.3134 ppl=10 | 6K tok/s
  step  2250/10824 | loss=2.4257 ppl=11 | 6K tok/s
  step  2300/10824 | loss=2.0055 ppl=7 | 6K tok/s
  step  2350/10824 | loss=2.3483 ppl=10 | 6K tok/s
  step  2400/10824 | loss=1.9987 ppl=7 | 6K tok/s
  step  2450/10824 | loss=2.0406 ppl=8 | 6K tok/s
  step  2500/10824 | loss=1.9786 ppl=7 | 6K tok/s
  step  2550/10824 | loss=2.2792 ppl=10 | 6K tok/s
  step  2600/10824 | loss=2.1077 ppl=8 | 6K tok/s
  step  2650/10824 | loss=2.2625 ppl=10 | 6K tok/s
  step  2700/10824 | loss=2.0778 ppl=8 | 6K tok/s
  step  2750/10824 | loss=1.9856 ppl=7 | 6K tok/s
  step  2800/10824 | loss=2.0153 ppl=8 | 6K tok/s
  step  2850/10824 | loss=2.2330 ppl=9 | 6K tok/s
  step  2900/10824 | loss=2.2365 ppl=9 | 6K tok/s
  step  2950/10824 | loss=2.1405 ppl=9 | 6K tok/s
  step  3000/10824 | loss=2.0430 ppl=8 | 6K tok/s
  step  3050/10824 | loss=2.1386 ppl=8 | 6K tok/s
  step  3100/10824 | loss=1.6913 ppl=5 | 6K tok/s
  step  3150/10824 | loss=2.1564 ppl=9 | 6K tok/s
  step  3200/10824 | loss=1.9591 ppl=7 | 6K tok/s
  step  3250/10824 | loss=2.0777 ppl=8 | 6K tok/s
  step  3300/10824 | loss=1.8248 ppl=6 | 6K tok/s
  step  3350/10824 | loss=2.0904 ppl=8 | 6K tok/s
  step  3400/10824 | loss=2.2124 ppl=9 | 6K tok/s
  step  3450/10824 | loss=2.0133 ppl=7 | 6K tok/s
  step  3500/10824 | loss=1.8912 ppl=7 | 6K tok/s
  step  3550/10824 | loss=1.9656 ppl=7 | 6K tok/s
  step  3600/10824 | loss=2.0694 ppl=8 | 6K tok/s
  step  3650/10824 | loss=1.9399 ppl=7 | 6K tok/s
  step  3700/10824 | loss=1.8653 ppl=6 | 6K tok/s
  step  3750/10824 | loss=1.8740 ppl=7 | 6K tok/s
  step  3800/10824 | loss=1.6988 ppl=5 | 6K tok/s
  step  3850/10824 | loss=1.8809 ppl=7 | 6K tok/s
  step  3900/10824 | loss=2.5124 ppl=12 | 6K tok/s
  step  3950/10824 | loss=1.8997 ppl=7 | 6K tok/s
  step  4000/10824 | loss=1.8485 ppl=6 | 6K tok/s
  step  4050/10824 | loss=2.0067 ppl=7 | 6K tok/s
  step  4100/10824 | loss=1.8127 ppl=6 | 6K tok/s
  step  4150/10824 | loss=2.0471 ppl=8 | 6K tok/s
  step  4200/10824 | loss=1.7011 ppl=5 | 6K tok/s
  step  4250/10824 | loss=2.0239 ppl=8 | 6K tok/s
  step  4300/10824 | loss=1.5370 ppl=5 | 6K tok/s
  step  4350/10824 | loss=1.7132 ppl=6 | 6K tok/s
  step  4400/10824 | loss=1.6693 ppl=5 | 6K tok/s
  step  4450/10824 | loss=2.1447 ppl=9 | 6K tok/s
  step  4500/10824 | loss=1.9573 ppl=7 | 6K tok/s
  step  4550/10824 | loss=1.9215 ppl=7 | 6K tok/s
  step  4600/10824 | loss=1.8995 ppl=7 | 6K tok/s
  step  4650/10824 | loss=1.9633 ppl=7 | 6K tok/s
  step  4700/10824 | loss=2.0315 ppl=8 | 6K tok/s
  step  4750/10824 | loss=1.8938 ppl=7 | 6K tok/s
  step  4800/10824 | loss=1.9867 ppl=7 | 6K tok/s
  step  4850/10824 | loss=2.1697 ppl=9 | 6K tok/s
  step  4900/10824 | loss=1.7837 ppl=6 | 6K tok/s
  step  4950/10824 | loss=1.9948 ppl=7 | 6K tok/s
  step  5000/10824 | loss=1.9823 ppl=7 | 6K tok/s
  step  5050/10824 | loss=1.9594 ppl=7 | 6K tok/s
  step  5100/10824 | loss=1.8320 ppl=6 | 6K tok/s
  step  5150/10824 | loss=2.1329 ppl=8 | 6K tok/s
  step  5200/10824 | loss=1.7440 ppl=6 | 6K tok/s
  step  5250/10824 | loss=1.7434 ppl=6 | 6K tok/s
  step  5300/10824 | loss=1.7066 ppl=6 | 6K tok/s
  step  5350/10824 | loss=2.0381 ppl=8 | 6K tok/s
  step  5400/10824 | loss=1.9070 ppl=7 | 6K tok/s
  step  5450/10824 | loss=2.0321 ppl=8 | 6K tok/s
  step  5500/10824 | loss=1.4464 ppl=4 | 6K tok/s
  step  5550/10824 | loss=1.5620 ppl=5 | 6K tok/s
  step  5600/10824 | loss=1.7665 ppl=6 | 6K tok/s
  step  5650/10824 | loss=1.8176 ppl=6 | 6K tok/s
  step  5700/10824 | loss=1.7649 ppl=6 | 6K tok/s
  step  5750/10824 | loss=1.7465 ppl=6 | 6K tok/s
  step  5800/10824 | loss=1.5955 ppl=5 | 6K tok/s
  step  5850/10824 | loss=1.7571 ppl=6 | 6K tok/s
  step  5900/10824 | loss=1.8231 ppl=6 | 6K tok/s
  step  5950/10824 | loss=1.6780 ppl=5 | 6K tok/s
  step  6000/10824 | loss=1.7037 ppl=5 | 6K tok/s
  step  6050/10824 | loss=1.5210 ppl=5 | 6K tok/s
  step  6100/10824 | loss=1.6656 ppl=5 | 6K tok/s
  step  6150/10824 | loss=1.8910 ppl=7 | 6K tok/s
  step  6200/10824 | loss=1.7641 ppl=6 | 6K tok/s
  step  6250/10824 | loss=1.8549 ppl=6 | 6K tok/s
  step  6300/10824 | loss=1.6204 ppl=5 | 6K tok/s
  step  6350/10824 | loss=1.8682 ppl=6 | 6K tok/s
  step  6400/10824 | loss=1.8916 ppl=7 | 6K tok/s
  step  6450/10824 | loss=1.8001 ppl=6 | 6K tok/s
  step  6500/10824 | loss=1.7416 ppl=6 | 6K tok/s
  step  6550/10824 | loss=1.9458 ppl=7 | 6K tok/s
  step  6600/10824 | loss=1.8141 ppl=6 | 6K tok/s
  step  6650/10824 | loss=1.7044 ppl=5 | 6K tok/s
  step  6700/10824 | loss=1.7525 ppl=6 | 6K tok/s
  step  6750/10824 | loss=1.7400 ppl=6 | 6K tok/s
  step  6800/10824 | loss=1.6568 ppl=5 | 6K tok/s
  step  6850/10824 | loss=1.6551 ppl=5 | 6K tok/s
  step  6900/10824 | loss=1.7311 ppl=6 | 6K tok/s
  step  6950/10824 | loss=1.6865 ppl=5 | 6K tok/s
  step  7000/10824 | loss=1.6961 ppl=5 | 6K tok/s
  step  7050/10824 | loss=1.6114 ppl=5 | 6K tok/s
  step  7100/10824 | loss=1.6673 ppl=5 | 6K tok/s
  step  7150/10824 | loss=1.6513 ppl=5 | 6K tok/s
  step  7200/10824 | loss=1.7297 ppl=6 | 6K tok/s
  step  7250/10824 | loss=1.5982 ppl=5 | 6K tok/s
  step  7300/10824 | loss=1.7354 ppl=6 | 6K tok/s
  step  7350/10824 | loss=1.8025 ppl=6 | 6K tok/s
  step  7400/10824 | loss=1.7369 ppl=6 | 6K tok/s
  step  7450/10824 | loss=1.7567 ppl=6 | 6K tok/s
  step  7500/10824 | loss=1.8169 ppl=6 | 6K tok/s
  step  7550/10824 | loss=1.6001 ppl=5 | 6K tok/s
  step  7600/10824 | loss=1.9384 ppl=7 | 6K tok/s
  step  7650/10824 | loss=1.7597 ppl=6 | 6K tok/s
  step  7700/10824 | loss=1.5460 ppl=5 | 6K tok/s
  step  7750/10824 | loss=1.7438 ppl=6 | 6K tok/s
  step  7800/10824 | loss=1.8573 ppl=6 | 6K tok/s
  step  7850/10824 | loss=1.7564 ppl=6 | 6K tok/s
  step  7900/10824 | loss=1.6642 ppl=5 | 6K tok/s
  step  7950/10824 | loss=1.5340 ppl=5 | 6K tok/s
  step  8000/10824 | loss=1.7729 ppl=6 | 6K tok/s
  step  8050/10824 | loss=1.6693 ppl=5 | 6K tok/s
  step  8100/10824 | loss=1.7577 ppl=6 | 6K tok/s
  step  8150/10824 | loss=1.6189 ppl=5 | 6K tok/s
  step  8200/10824 | loss=1.5532 ppl=5 | 6K tok/s
  step  8250/10824 | loss=1.9064 ppl=7 | 6K tok/s
  step  8300/10824 | loss=1.8916 ppl=7 | 6K tok/s
  step  8350/10824 | loss=1.7949 ppl=6 | 6K tok/s
  step  8400/10824 | loss=1.7637 ppl=6 | 6K tok/s
  step  8450/10824 | loss=1.6941 ppl=5 | 6K tok/s
  step  8500/10824 | loss=1.5847 ppl=5 | 6K tok/s
  step  8550/10824 | loss=1.7965 ppl=6 | 6K tok/s
  step  8600/10824 | loss=1.8210 ppl=6 | 6K tok/s
  step  8650/10824 | loss=1.8378 ppl=6 | 6K tok/s
  step  8700/10824 | loss=1.6889 ppl=5 | 6K tok/s
  step  8750/10824 | loss=1.7740 ppl=6 | 6K tok/s
  step  8800/10824 | loss=1.4154 ppl=4 | 6K tok/s
  step  8850/10824 | loss=1.7328 ppl=6 | 6K tok/s
  step  8900/10824 | loss=1.6692 ppl=5 | 6K tok/s
  step  8950/10824 | loss=1.5670 ppl=5 | 6K tok/s
  step  9000/10824 | loss=1.6161 ppl=5 | 6K tok/s
  step  9050/10824 | loss=1.6194 ppl=5 | 6K tok/s
  step  9100/10824 | loss=1.6872 ppl=5 | 6K tok/s
  step  9150/10824 | loss=1.6937 ppl=5 | 6K tok/s
  step  9200/10824 | loss=1.8676 ppl=6 | 6K tok/s
  step  9250/10824 | loss=1.8701 ppl=6 | 6K tok/s
  step  9300/10824 | loss=1.6485 ppl=5 | 6K tok/s
  step  9350/10824 | loss=1.6907 ppl=5 | 6K tok/s
  step  9400/10824 | loss=1.7669 ppl=6 | 6K tok/s
  step  9450/10824 | loss=1.6618 ppl=5 | 6K tok/s
  step  9500/10824 | loss=1.6985 ppl=5 | 6K tok/s
  step  9550/10824 | loss=1.6978 ppl=5 | 6K tok/s
  step  9600/10824 | loss=1.6566 ppl=5 | 6K tok/s
  step  9650/10824 | loss=1.6689 ppl=5 | 6K tok/s
  step  9700/10824 | loss=1.7271 ppl=6 | 6K tok/s
  step  9750/10824 | loss=1.3952 ppl=4 | 6K tok/s
  step  9800/10824 | loss=1.6549 ppl=5 | 6K tok/s
  step  9850/10824 | loss=1.3005 ppl=4 | 6K tok/s
  step  9900/10824 | loss=1.6423 ppl=5 | 6K tok/s
  step  9950/10824 | loss=1.6321 ppl=5 | 6K tok/s
  step 10000/10824 | loss=1.3705 ppl=4 | 6K tok/s
  step 10050/10824 | loss=1.4603 ppl=4 | 6K tok/s
  step 10100/10824 | loss=1.4923 ppl=4 | 6K tok/s
  step 10150/10824 | loss=1.6328 ppl=5 | 6K tok/s
  step 10200/10824 | loss=1.5740 ppl=5 | 6K tok/s
  step 10250/10824 | loss=1.3378 ppl=4 | 6K tok/s
  step 10300/10824 | loss=1.3688 ppl=4 | 6K tok/s
  step 10350/10824 | loss=1.5249 ppl=5 | 6K tok/s
  step 10400/10824 | loss=1.4877 ppl=4 | 6K tok/s
  step 10450/10824 | loss=1.7734 ppl=6 | 6K tok/s
  step 10500/10824 | loss=1.3306 ppl=4 | 6K tok/s
  step 10550/10824 | loss=1.4911 ppl=4 | 6K tok/s
  step 10600/10824 | loss=1.6551 ppl=5 | 6K tok/s
  step 10650/10824 | loss=1.5197 ppl=5 | 6K tok/s
  step 10700/10824 | loss=1.5111 ppl=5 | 6K tok/s
  step 10750/10824 | loss=1.4474 ppl=4 | 6K tok/s
  step 10800/10824 | loss=1.5944 ppl=5 | 6K tok/s

=======================================================
DONE: checkpoints/scale_deep_48L.pt
  VAL PPL: 4 | 114.7min | 6K tok/s
  Checkpoint: checkpoints/scale_deep_48L.pt (0.8GB)
=======================================================
