
=======================================================
SINGLE-GPU TRAINING: data/mixed/ratio_100_0.jsonl
  49,987 texts → 13,350,010 tokens
=======================================================
  98,591,232 params | 12384 steps | bs=8x1024 | 8 epochs | LR=0.0005
  step     1/12384 | loss=9.1143 ppl=9084 | 5K tok/s
  step     2/12384 | loss=8.9165 ppl=7454 | 7K tok/s
  step     3/12384 | loss=8.9614 ppl=7797 | 9K tok/s
  step     4/12384 | loss=8.9605 ppl=7789 | 10K tok/s
  step     5/12384 | loss=8.9337 ppl=7584 | 10K tok/s
  step     6/12384 | loss=8.8712 ppl=7124 | 11K tok/s
  step     7/12384 | loss=8.8807 ppl=7192 | 11K tok/s
  step     8/12384 | loss=8.8168 ppl=6746 | 11K tok/s
  step     9/12384 | loss=8.8274 ppl=6818 | 11K tok/s
  step    10/12384 | loss=8.8216 ppl=6779 | 12K tok/s
  step    50/12384 | loss=8.1822 ppl=3577 | 13K tok/s
  step   100/12384 | loss=7.4505 ppl=1721 | 13K tok/s
  step   150/12384 | loss=6.5816 ppl=722 | 14K tok/s
  step   200/12384 | loss=6.2225 ppl=504 | 13K tok/s
  step   250/12384 | loss=5.6851 ppl=294 | 13K tok/s
  step   300/12384 | loss=5.2933 ppl=199 | 13K tok/s
  step   350/12384 | loss=4.8183 ppl=124 | 13K tok/s
  step   400/12384 | loss=4.5707 ppl=97 | 13K tok/s
  step   450/12384 | loss=4.5636 ppl=96 | 13K tok/s
  step   500/12384 | loss=4.2200 ppl=68 | 13K tok/s
  step   550/12384 | loss=3.9725 ppl=53 | 13K tok/s
  step   600/12384 | loss=3.7210 ppl=41 | 13K tok/s
  step   650/12384 | loss=3.4645 ppl=32 | 13K tok/s
  step   700/12384 | loss=3.2080 ppl=25 | 13K tok/s
  step   750/12384 | loss=3.2756 ppl=26 | 13K tok/s
  step   800/12384 | loss=3.2498 ppl=26 | 13K tok/s
  step   850/12384 | loss=2.8885 ppl=18 | 13K tok/s
  step   900/12384 | loss=2.7118 ppl=15 | 13K tok/s
  step   950/12384 | loss=2.7357 ppl=15 | 13K tok/s
  step  1000/12384 | loss=2.8597 ppl=17 | 13K tok/s
  step  1050/12384 | loss=2.7209 ppl=15 | 13K tok/s
  step  1100/12384 | loss=2.7789 ppl=16 | 13K tok/s
  step  1150/12384 | loss=2.6137 ppl=14 | 13K tok/s
  step  1200/12384 | loss=2.3448 ppl=10 | 13K tok/s
  step  1250/12384 | loss=2.4251 ppl=11 | 13K tok/s
  step  1300/12384 | loss=2.5080 ppl=12 | 13K tok/s
  step  1350/12384 | loss=2.3828 ppl=11 | 13K tok/s
  step  1400/12384 | loss=2.3786 ppl=11 | 13K tok/s
  step  1450/12384 | loss=2.4221 ppl=11 | 13K tok/s
  step  1500/12384 | loss=2.0835 ppl=8 | 13K tok/s
  step  1550/12384 | loss=2.1917 ppl=9 | 13K tok/s
  step  1600/12384 | loss=2.1977 ppl=9 | 13K tok/s
  step  1650/12384 | loss=2.0539 ppl=8 | 13K tok/s
  step  1700/12384 | loss=2.1806 ppl=9 | 13K tok/s
  step  1750/12384 | loss=2.2052 ppl=9 | 13K tok/s
  step  1800/12384 | loss=2.0340 ppl=8 | 13K tok/s
  step  1850/12384 | loss=1.9174 ppl=7 | 13K tok/s
  step  1900/12384 | loss=2.1458 ppl=9 | 13K tok/s
  step  1950/12384 | loss=1.9601 ppl=7 | 13K tok/s
  step  2000/12384 | loss=2.2802 ppl=10 | 13K tok/s
  step  2050/12384 | loss=2.1307 ppl=8 | 13K tok/s
  step  2100/12384 | loss=2.1736 ppl=9 | 13K tok/s
  step  2150/12384 | loss=2.2519 ppl=10 | 13K tok/s
  step  2200/12384 | loss=2.0222 ppl=8 | 13K tok/s
  step  2250/12384 | loss=1.9067 ppl=7 | 13K tok/s
  step  2300/12384 | loss=2.0152 ppl=8 | 13K tok/s
  step  2350/12384 | loss=1.7798 ppl=6 | 13K tok/s
  step  2400/12384 | loss=1.9345 ppl=7 | 13K tok/s
  step  2450/12384 | loss=2.0179 ppl=8 | 13K tok/s
  step  2500/12384 | loss=1.8088 ppl=6 | 13K tok/s
  step  2550/12384 | loss=2.0046 ppl=7 | 13K tok/s
  step  2600/12384 | loss=1.8920 ppl=7 | 13K tok/s
  step  2650/12384 | loss=1.7234 ppl=6 | 13K tok/s
  step  2700/12384 | loss=1.8698 ppl=6 | 13K tok/s
  step  2750/12384 | loss=1.9181 ppl=7 | 13K tok/s
  step  2800/12384 | loss=1.8603 ppl=6 | 13K tok/s
  step  2850/12384 | loss=1.6779 ppl=5 | 13K tok/s
  step  2900/12384 | loss=1.8372 ppl=6 | 13K tok/s
  step  2950/12384 | loss=1.8253 ppl=6 | 13K tok/s
  step  3000/12384 | loss=1.8682 ppl=6 | 13K tok/s
  step  3050/12384 | loss=1.8487 ppl=6 | 13K tok/s
  step  3100/12384 | loss=1.7221 ppl=6 | 13K tok/s
  step  3150/12384 | loss=1.5920 ppl=5 | 13K tok/s
  step  3200/12384 | loss=1.6117 ppl=5 | 13K tok/s
  step  3250/12384 | loss=1.7570 ppl=6 | 13K tok/s
  step  3300/12384 | loss=1.7210 ppl=6 | 13K tok/s
  step  3350/12384 | loss=1.6889 ppl=5 | 13K tok/s
  step  3400/12384 | loss=1.7851 ppl=6 | 13K tok/s
  step  3450/12384 | loss=1.6414 ppl=5 | 13K tok/s
  step  3500/12384 | loss=1.6834 ppl=5 | 13K tok/s
  step  3550/12384 | loss=1.8771 ppl=7 | 13K tok/s
  step  3600/12384 | loss=1.7506 ppl=6 | 13K tok/s
  step  3650/12384 | loss=1.5928 ppl=5 | 13K tok/s
  step  3700/12384 | loss=1.9153 ppl=7 | 13K tok/s
  step  3750/12384 | loss=1.6477 ppl=5 | 13K tok/s
  step  3800/12384 | loss=1.6035 ppl=5 | 13K tok/s
  step  3850/12384 | loss=1.7894 ppl=6 | 13K tok/s
  step  3900/12384 | loss=1.6433 ppl=5 | 13K tok/s
  step  3950/12384 | loss=1.7018 ppl=5 | 13K tok/s
  step  4000/12384 | loss=1.7717 ppl=6 | 13K tok/s
  step  4050/12384 | loss=1.6802 ppl=5 | 13K tok/s
  step  4100/12384 | loss=1.5682 ppl=5 | 13K tok/s
  step  4150/12384 | loss=1.5279 ppl=5 | 13K tok/s
  step  4200/12384 | loss=1.6907 ppl=5 | 13K tok/s
  step  4250/12384 | loss=1.7583 ppl=6 | 13K tok/s
  step  4300/12384 | loss=1.6078 ppl=5 | 13K tok/s
  step  4350/12384 | loss=1.7258 ppl=6 | 13K tok/s
  step  4400/12384 | loss=1.9072 ppl=7 | 13K tok/s
  step  4450/12384 | loss=1.5063 ppl=5 | 13K tok/s
  step  4500/12384 | loss=1.6729 ppl=5 | 13K tok/s
  step  4550/12384 | loss=1.5626 ppl=5 | 13K tok/s
  step  4600/12384 | loss=1.7057 ppl=6 | 13K tok/s
  step  4650/12384 | loss=1.4141 ppl=4 | 13K tok/s
  step  4700/12384 | loss=1.2969 ppl=4 | 13K tok/s
  step  4750/12384 | loss=1.3748 ppl=4 | 13K tok/s
  step  4800/12384 | loss=1.5180 ppl=5 | 13K tok/s
  step  4850/12384 | loss=1.3664 ppl=4 | 13K tok/s
  step  4900/12384 | loss=1.4391 ppl=4 | 13K tok/s
  step  4950/12384 | loss=1.3844 ppl=4 | 13K tok/s
  step  5000/12384 | loss=1.5415 ppl=5 | 13K tok/s
  step  5050/12384 | loss=1.4164 ppl=4 | 13K tok/s
  step  5100/12384 | loss=1.6525 ppl=5 | 13K tok/s
  step  5150/12384 | loss=1.5476 ppl=5 | 13K tok/s
  step  5200/12384 | loss=1.5502 ppl=5 | 13K tok/s
  step  5250/12384 | loss=1.6333 ppl=5 | 13K tok/s
  step  5300/12384 | loss=1.4211 ppl=4 | 13K tok/s
  step  5350/12384 | loss=1.4492 ppl=4 | 13K tok/s
  step  5400/12384 | loss=1.5544 ppl=5 | 13K tok/s
  step  5450/12384 | loss=1.5460 ppl=5 | 13K tok/s
  step  5500/12384 | loss=1.4438 ppl=4 | 13K tok/s
  step  5550/12384 | loss=1.3088 ppl=4 | 13K tok/s
  step  5600/12384 | loss=1.6163 ppl=5 | 13K tok/s
  step  5650/12384 | loss=1.2832 ppl=4 | 13K tok/s
  step  5700/12384 | loss=1.4734 ppl=4 | 13K tok/s
  step  5750/12384 | loss=1.4666 ppl=4 | 13K tok/s
  step  5800/12384 | loss=1.5777 ppl=5 | 13K tok/s
  step  5850/12384 | loss=1.4994 ppl=4 | 13K tok/s
  step  5900/12384 | loss=1.4216 ppl=4 | 13K tok/s
  step  5950/12384 | loss=1.5936 ppl=5 | 13K tok/s
  step  6000/12384 | loss=1.5482 ppl=5 | 13K tok/s
  step  6050/12384 | loss=1.4704 ppl=4 | 13K tok/s
  step  6100/12384 | loss=1.5051 ppl=5 | 13K tok/s
  step  6150/12384 | loss=1.5095 ppl=5 | 13K tok/s
  step  6200/12384 | loss=1.1135 ppl=3 | 13K tok/s
  step  6250/12384 | loss=1.3520 ppl=4 | 13K tok/s
  step  6300/12384 | loss=1.1100 ppl=3 | 13K tok/s
  step  6350/12384 | loss=1.1553 ppl=3 | 13K tok/s
  step  6400/12384 | loss=1.2611 ppl=4 | 13K tok/s
  step  6450/12384 | loss=1.2257 ppl=3 | 13K tok/s
  step  6500/12384 | loss=1.1430 ppl=3 | 13K tok/s
  step  6550/12384 | loss=1.3972 ppl=4 | 13K tok/s
  step  6600/12384 | loss=1.3446 ppl=4 | 13K tok/s
  step  6650/12384 | loss=1.3182 ppl=4 | 13K tok/s
  step  6700/12384 | loss=1.2091 ppl=3 | 13K tok/s
  step  6750/12384 | loss=1.2285 ppl=3 | 13K tok/s
  step  6800/12384 | loss=1.2655 ppl=4 | 13K tok/s
  step  6850/12384 | loss=1.3584 ppl=4 | 13K tok/s
  step  6900/12384 | loss=1.2245 ppl=3 | 13K tok/s
  step  6950/12384 | loss=1.3740 ppl=4 | 13K tok/s
  step  7000/12384 | loss=1.2816 ppl=4 | 13K tok/s
  step  7050/12384 | loss=1.4438 ppl=4 | 13K tok/s
  step  7100/12384 | loss=1.3920 ppl=4 | 13K tok/s
  step  7150/12384 | loss=1.3126 ppl=4 | 13K tok/s
  step  7200/12384 | loss=1.3252 ppl=4 | 13K tok/s
  step  7250/12384 | loss=1.3533 ppl=4 | 13K tok/s
  step  7300/12384 | loss=1.2255 ppl=3 | 13K tok/s
  step  7350/12384 | loss=1.3518 ppl=4 | 13K tok/s
  step  7400/12384 | loss=1.3602 ppl=4 | 13K tok/s
  step  7450/12384 | loss=1.3349 ppl=4 | 13K tok/s
  step  7500/12384 | loss=1.2997 ppl=4 | 13K tok/s
  step  7550/12384 | loss=1.4086 ppl=4 | 13K tok/s
  step  7600/12384 | loss=1.4326 ppl=4 | 13K tok/s
  step  7650/12384 | loss=1.4185 ppl=4 | 13K tok/s
  step  7700/12384 | loss=1.4516 ppl=4 | 13K tok/s
  step  7750/12384 | loss=0.9812 ppl=3 | 13K tok/s
  step  7800/12384 | loss=1.1077 ppl=3 | 13K tok/s
  step  7850/12384 | loss=0.9645 ppl=3 | 13K tok/s
  step  7900/12384 | loss=1.0549 ppl=3 | 13K tok/s
  step  7950/12384 | loss=1.0704 ppl=3 | 13K tok/s
  step  8000/12384 | loss=1.1493 ppl=3 | 13K tok/s
  step  8050/12384 | loss=1.2973 ppl=4 | 13K tok/s
  step  8100/12384 | loss=1.0968 ppl=3 | 13K tok/s
  step  8150/12384 | loss=1.1617 ppl=3 | 13K tok/s
  step  8200/12384 | loss=1.0543 ppl=3 | 13K tok/s
  step  8250/12384 | loss=1.1402 ppl=3 | 13K tok/s
  step  8300/12384 | loss=1.1589 ppl=3 | 13K tok/s
  step  8350/12384 | loss=1.2046 ppl=3 | 13K tok/s
  step  8400/12384 | loss=1.2372 ppl=3 | 13K tok/s
  step  8450/12384 | loss=1.1375 ppl=3 | 13K tok/s
  step  8500/12384 | loss=1.2306 ppl=3 | 13K tok/s
  step  8550/12384 | loss=1.2327 ppl=3 | 13K tok/s
  step  8600/12384 | loss=1.2579 ppl=4 | 13K tok/s
  step  8650/12384 | loss=1.2266 ppl=3 | 13K tok/s
  step  8700/12384 | loss=1.2292 ppl=3 | 13K tok/s
  step  8750/12384 | loss=1.0842 ppl=3 | 13K tok/s
  step  8800/12384 | loss=1.3491 ppl=4 | 13K tok/s
  step  8850/12384 | loss=1.1310 ppl=3 | 13K tok/s
  step  8900/12384 | loss=1.2942 ppl=4 | 13K tok/s
  step  8950/12384 | loss=1.1833 ppl=3 | 13K tok/s
  step  9000/12384 | loss=1.2886 ppl=4 | 13K tok/s
  step  9050/12384 | loss=1.2373 ppl=3 | 13K tok/s
  step  9100/12384 | loss=1.2446 ppl=3 | 13K tok/s
  step  9150/12384 | loss=1.1654 ppl=3 | 13K tok/s
  step  9200/12384 | loss=1.2633 ppl=4 | 13K tok/s
  step  9250/12384 | loss=1.2301 ppl=3 | 13K tok/s
  step  9300/12384 | loss=0.8965 ppl=2 | 13K tok/s
  step  9350/12384 | loss=0.9403 ppl=3 | 13K tok/s
  step  9400/12384 | loss=1.0249 ppl=3 | 13K tok/s
  step  9450/12384 | loss=0.9009 ppl=2 | 13K tok/s
  step  9500/12384 | loss=0.9916 ppl=3 | 13K tok/s
  step  9550/12384 | loss=0.9999 ppl=3 | 13K tok/s
  step  9600/12384 | loss=0.8868 ppl=2 | 13K tok/s
  step  9650/12384 | loss=0.8714 ppl=2 | 13K tok/s
  step  9700/12384 | loss=1.0206 ppl=3 | 13K tok/s
  step  9750/12384 | loss=1.0371 ppl=3 | 13K tok/s
  step  9800/12384 | loss=1.0625 ppl=3 | 13K tok/s
  step  9850/12384 | loss=1.0848 ppl=3 | 13K tok/s
  step  9900/12384 | loss=1.0391 ppl=3 | 13K tok/s
  step  9950/12384 | loss=0.9803 ppl=3 | 13K tok/s
  step 10000/12384 | loss=1.0778 ppl=3 | 13K tok/s
  step 10050/12384 | loss=1.0553 ppl=3 | 13K tok/s
  step 10100/12384 | loss=1.0295 ppl=3 | 13K tok/s
  step 10150/12384 | loss=1.0667 ppl=3 | 13K tok/s
  step 10200/12384 | loss=1.0856 ppl=3 | 13K tok/s
  step 10250/12384 | loss=1.1479 ppl=3 | 13K tok/s
  step 10300/12384 | loss=1.1426 ppl=3 | 13K tok/s
  step 10350/12384 | loss=1.1344 ppl=3 | 13K tok/s
  step 10400/12384 | loss=1.0974 ppl=3 | 13K tok/s
  step 10450/12384 | loss=1.1683 ppl=3 | 13K tok/s
  step 10500/12384 | loss=1.0749 ppl=3 | 13K tok/s
  step 10550/12384 | loss=1.2008 ppl=3 | 13K tok/s
  step 10600/12384 | loss=1.2002 ppl=3 | 13K tok/s
  step 10650/12384 | loss=0.9985 ppl=3 | 13K tok/s
  step 10700/12384 | loss=1.1843 ppl=3 | 13K tok/s
  step 10750/12384 | loss=1.1598 ppl=3 | 13K tok/s
  step 10800/12384 | loss=0.9580 ppl=3 | 13K tok/s
  step 10850/12384 | loss=0.7176 ppl=2 | 13K tok/s
  step 10900/12384 | loss=0.6594 ppl=2 | 13K tok/s
  step 10950/12384 | loss=0.7660 ppl=2 | 13K tok/s
  step 11000/12384 | loss=0.8129 ppl=2 | 13K tok/s
  step 11050/12384 | loss=0.6417 ppl=2 | 13K tok/s
  step 11100/12384 | loss=0.7351 ppl=2 | 13K tok/s
  step 11150/12384 | loss=0.8193 ppl=2 | 13K tok/s
  step 11200/12384 | loss=0.7414 ppl=2 | 13K tok/s
  step 11250/12384 | loss=0.7403 ppl=2 | 13K tok/s
  step 11300/12384 | loss=0.8048 ppl=2 | 13K tok/s
  step 11350/12384 | loss=0.7940 ppl=2 | 13K tok/s
  step 11400/12384 | loss=0.7902 ppl=2 | 13K tok/s
  step 11450/12384 | loss=0.7033 ppl=2 | 13K tok/s
  step 11500/12384 | loss=0.6999 ppl=2 | 13K tok/s
  step 11550/12384 | loss=0.7533 ppl=2 | 13K tok/s
  step 11600/12384 | loss=0.7495 ppl=2 | 13K tok/s
  step 11650/12384 | loss=0.6529 ppl=2 | 13K tok/s
  step 11700/12384 | loss=0.7027 ppl=2 | 13K tok/s
  step 11750/12384 | loss=0.7548 ppl=2 | 13K tok/s
  step 11800/12384 | loss=0.7262 ppl=2 | 13K tok/s
  step 11850/12384 | loss=0.6956 ppl=2 | 13K tok/s
  step 11900/12384 | loss=0.6428 ppl=2 | 13K tok/s
  step 11950/12384 | loss=0.7346 ppl=2 | 13K tok/s
  step 12000/12384 | loss=0.6268 ppl=2 | 13K tok/s
  step 12050/12384 | loss=0.6734 ppl=2 | 13K tok/s
  step 12100/12384 | loss=0.6317 ppl=2 | 13K tok/s
  step 12150/12384 | loss=0.6691 ppl=2 | 13K tok/s
  step 12200/12384 | loss=0.6538 ppl=2 | 13K tok/s
  step 12250/12384 | loss=0.6728 ppl=2 | 13K tok/s
  step 12300/12384 | loss=0.6263 ppl=2 | 13K tok/s
  step 12350/12384 | loss=0.6882 ppl=2 | 13K tok/s

=======================================================
DONE: checkpoints/scale_pure_13M_8ep.pt
  VAL PPL: 6 | 126.6min | 13K tok/s
  Checkpoint: checkpoints/scale_pure_13M_8ep.pt (0.4GB)
=======================================================
