
=======================================================
SINGLE-GPU TRAINING: data/exp/full_distill.jsonl
  87,395 texts → 23,337,509 tokens
=======================================================
  98,591,232 params | 5412 steps | bs=8x1024 | 2 epochs | LR=0.0005
  step     1/5412 | loss=9.1385 ppl=9307 | 4K tok/s
  step     2/5412 | loss=8.8473 ppl=6956 | 6K tok/s
  step     3/5412 | loss=8.9010 ppl=7339 | 7K tok/s
  step     4/5412 | loss=8.8520 ppl=6988 | 8K tok/s
  step     5/5412 | loss=8.8120 ppl=6714 | 9K tok/s
  step     6/5412 | loss=8.7655 ppl=6409 | 10K tok/s
  step     7/5412 | loss=8.7495 ppl=6307 | 10K tok/s
  step     8/5412 | loss=8.7294 ppl=6182 | 11K tok/s
  step     9/5412 | loss=8.6690 ppl=5820 | 11K tok/s
  step    10/5412 | loss=8.6294 ppl=5593 | 11K tok/s
  step    50/5412 | loss=7.8374 ppl=2534 | 13K tok/s
  step   100/5412 | loss=6.8645 ppl=958 | 14K tok/s
  step   150/5412 | loss=6.1087 ppl=450 | 14K tok/s
  step   200/5412 | loss=5.7688 ppl=320 | 14K tok/s
  step   250/5412 | loss=4.9334 ppl=139 | 14K tok/s
  step   300/5412 | loss=4.4075 ppl=82 | 14K tok/s
  step   350/5412 | loss=4.0988 ppl=60 | 14K tok/s
  step   400/5412 | loss=3.8609 ppl=48 | 14K tok/s
  step   450/5412 | loss=3.6153 ppl=37 | 14K tok/s
  step   500/5412 | loss=3.4076 ppl=30 | 14K tok/s
  step   550/5412 | loss=3.1199 ppl=23 | 14K tok/s
  step   600/5412 | loss=3.0539 ppl=21 | 14K tok/s
  step   650/5412 | loss=2.9917 ppl=20 | 14K tok/s
  step   700/5412 | loss=2.9372 ppl=19 | 14K tok/s
  step   750/5412 | loss=2.8545 ppl=17 | 14K tok/s
  step   800/5412 | loss=2.8404 ppl=17 | 14K tok/s
  step   850/5412 | loss=2.6719 ppl=14 | 14K tok/s
  step   900/5412 | loss=2.5662 ppl=13 | 14K tok/s
  step   950/5412 | loss=2.4863 ppl=12 | 14K tok/s
  step  1000/5412 | loss=2.2207 ppl=9 | 14K tok/s
  step  1050/5412 | loss=2.3811 ppl=11 | 14K tok/s
  step  1100/5412 | loss=2.3042 ppl=10 | 14K tok/s
  step  1150/5412 | loss=2.5564 ppl=13 | 14K tok/s
  step  1200/5412 | loss=2.3238 ppl=10 | 14K tok/s
  step  1250/5412 | loss=2.1571 ppl=9 | 14K tok/s
  step  1300/5412 | loss=2.1159 ppl=8 | 14K tok/s
  step  1350/5412 | loss=2.2063 ppl=9 | 14K tok/s
  step  1400/5412 | loss=2.1182 ppl=8 | 14K tok/s
  step  1450/5412 | loss=2.0160 ppl=8 | 14K tok/s
  step  1500/5412 | loss=2.0608 ppl=8 | 14K tok/s
  step  1550/5412 | loss=2.1534 ppl=9 | 14K tok/s
  step  1600/5412 | loss=2.1248 ppl=8 | 14K tok/s
  step  1650/5412 | loss=2.1708 ppl=9 | 14K tok/s
  step  1700/5412 | loss=2.1089 ppl=8 | 14K tok/s
  step  1750/5412 | loss=2.0908 ppl=8 | 14K tok/s
  step  1800/5412 | loss=2.0689 ppl=8 | 14K tok/s
  step  1850/5412 | loss=2.0326 ppl=8 | 14K tok/s
  step  1900/5412 | loss=2.0328 ppl=8 | 14K tok/s
  step  1950/5412 | loss=2.0288 ppl=8 | 14K tok/s
  step  2000/5412 | loss=2.0044 ppl=7 | 14K tok/s
  step  2050/5412 | loss=1.9913 ppl=7 | 14K tok/s
  step  2100/5412 | loss=2.0221 ppl=8 | 14K tok/s
  step  2150/5412 | loss=2.0019 ppl=7 | 14K tok/s
  step  2200/5412 | loss=1.8897 ppl=7 | 14K tok/s
  step  2250/5412 | loss=2.0025 ppl=7 | 14K tok/s
  step  2300/5412 | loss=1.9530 ppl=7 | 14K tok/s
  step  2350/5412 | loss=2.0094 ppl=7 | 14K tok/s
  step  2400/5412 | loss=1.9309 ppl=7 | 14K tok/s
  step  2450/5412 | loss=1.8674 ppl=6 | 14K tok/s
  step  2500/5412 | loss=1.9709 ppl=7 | 14K tok/s
  step  2550/5412 | loss=1.7473 ppl=6 | 14K tok/s
  step  2600/5412 | loss=2.0483 ppl=8 | 14K tok/s
  step  2650/5412 | loss=1.9338 ppl=7 | 14K tok/s
  step  2700/5412 | loss=1.7882 ppl=6 | 14K tok/s
  step  2750/5412 | loss=1.6855 ppl=5 | 14K tok/s
  step  2800/5412 | loss=1.7506 ppl=6 | 14K tok/s
  step  2850/5412 | loss=1.5165 ppl=5 | 14K tok/s
  step  2900/5412 | loss=1.7907 ppl=6 | 14K tok/s
  step  2950/5412 | loss=1.7540 ppl=6 | 14K tok/s
  step  3000/5412 | loss=2.0668 ppl=8 | 14K tok/s
  step  3050/5412 | loss=1.8144 ppl=6 | 14K tok/s
  step  3100/5412 | loss=1.7757 ppl=6 | 14K tok/s
  step  3150/5412 | loss=1.6433 ppl=5 | 14K tok/s
  step  3200/5412 | loss=1.8353 ppl=6 | 14K tok/s
  step  3250/5412 | loss=1.5832 ppl=5 | 14K tok/s
  step  3300/5412 | loss=1.6726 ppl=5 | 14K tok/s
  step  3350/5412 | loss=1.6856 ppl=5 | 14K tok/s
  step  3400/5412 | loss=1.7823 ppl=6 | 14K tok/s
  step  3450/5412 | loss=1.7856 ppl=6 | 14K tok/s
  step  3500/5412 | loss=1.6454 ppl=5 | 14K tok/s
  step  3550/5412 | loss=1.5986 ppl=5 | 14K tok/s
  step  3600/5412 | loss=1.6980 ppl=5 | 14K tok/s
  step  3650/5412 | loss=1.7101 ppl=6 | 14K tok/s
  step  3700/5412 | loss=1.7763 ppl=6 | 14K tok/s
  step  3750/5412 | loss=1.7097 ppl=6 | 14K tok/s
  step  3800/5412 | loss=1.5954 ppl=5 | 14K tok/s
  step  3850/5412 | loss=1.6725 ppl=5 | 14K tok/s
  step  3900/5412 | loss=1.6851 ppl=5 | 14K tok/s
  step  3950/5412 | loss=1.6755 ppl=5 | 14K tok/s
  step  4000/5412 | loss=1.7698 ppl=6 | 14K tok/s
  step  4050/5412 | loss=1.5985 ppl=5 | 14K tok/s
  step  4100/5412 | loss=1.7487 ppl=6 | 14K tok/s
  step  4150/5412 | loss=1.6830 ppl=5 | 14K tok/s
  step  4200/5412 | loss=1.6189 ppl=5 | 14K tok/s
  step  4250/5412 | loss=1.6590 ppl=5 | 14K tok/s
  step  4300/5412 | loss=1.8137 ppl=6 | 14K tok/s
  step  4350/5412 | loss=1.7172 ppl=6 | 14K tok/s
  step  4400/5412 | loss=1.6600 ppl=5 | 14K tok/s
  step  4450/5412 | loss=1.5933 ppl=5 | 14K tok/s
  step  4500/5412 | loss=1.7108 ppl=6 | 14K tok/s
  step  4550/5412 | loss=1.6699 ppl=5 | 14K tok/s
  step  4600/5412 | loss=1.7458 ppl=6 | 14K tok/s
  step  4650/5412 | loss=1.6600 ppl=5 | 14K tok/s
  step  4700/5412 | loss=1.7333 ppl=6 | 14K tok/s
  step  4750/5412 | loss=1.8377 ppl=6 | 14K tok/s
  step  4800/5412 | loss=1.5690 ppl=5 | 14K tok/s
  step  4850/5412 | loss=1.7849 ppl=6 | 14K tok/s
  step  4900/5412 | loss=1.6322 ppl=5 | 14K tok/s
  step  4950/5412 | loss=1.4952 ppl=4 | 14K tok/s
  step  5000/5412 | loss=1.5628 ppl=5 | 14K tok/s
  step  5050/5412 | loss=1.6627 ppl=5 | 14K tok/s
  step  5100/5412 | loss=1.6411 ppl=5 | 14K tok/s
  step  5150/5412 | loss=1.5437 ppl=5 | 14K tok/s
  step  5200/5412 | loss=1.6185 ppl=5 | 14K tok/s
  step  5250/5412 | loss=1.5442 ppl=5 | 14K tok/s
  step  5300/5412 | loss=1.5161 ppl=5 | 14K tok/s
  step  5350/5412 | loss=1.5074 ppl=5 | 14K tok/s
  step  5400/5412 | loss=1.5603 ppl=5 | 14K tok/s

=======================================================
DONE: checkpoints/scale_pure_23M_2ep.pt
  VAL PPL: 5 | 53.8min | 14K tok/s
  Checkpoint: checkpoints/scale_pure_23M_2ep.pt (0.4GB)
=======================================================
