
=======================================================
SINGLE-GPU TRAINING: data/exp/full_80_20_rw.jsonl
  103,282 texts → 29,172,217 tokens
=======================================================
  98,591,232 params | 6764 steps | bs=8x1024 | 2 epochs | LR=0.0005
  step     1/6764 | loss=9.1344 ppl=9269 | 5K tok/s
  step     2/6764 | loss=8.8746 ppl=7148 | 7K tok/s
  step     3/6764 | loss=8.8488 ppl=6966 | 8K tok/s
  step     4/6764 | loss=8.8284 ppl=6826 | 9K tok/s
  step     5/6764 | loss=8.8085 ppl=6691 | 10K tok/s
  step     6/6764 | loss=8.8881 ppl=7245 | 11K tok/s
  step     7/6764 | loss=8.7186 ppl=6116 | 11K tok/s
  step     8/6764 | loss=8.6985 ppl=5994 | 11K tok/s
  step     9/6764 | loss=8.7555 ppl=6345 | 11K tok/s
  step    10/6764 | loss=8.7488 ppl=6303 | 12K tok/s
  step    50/6764 | loss=8.0415 ppl=3107 | 13K tok/s
  step   100/6764 | loss=7.2047 ppl=1346 | 14K tok/s
  step   150/6764 | loss=6.5990 ppl=734 | 14K tok/s
  step   200/6764 | loss=5.8193 ppl=337 | 14K tok/s
  step   250/6764 | loss=5.7335 ppl=309 | 14K tok/s
  step   300/6764 | loss=5.2578 ppl=192 | 14K tok/s
  step   350/6764 | loss=4.4797 ppl=88 | 14K tok/s
  step   400/6764 | loss=4.5113 ppl=91 | 14K tok/s
  step   450/6764 | loss=4.1992 ppl=67 | 14K tok/s
  step   500/6764 | loss=4.0762 ppl=59 | 14K tok/s
  step   550/6764 | loss=3.9403 ppl=51 | 14K tok/s
  step   600/6764 | loss=3.6250 ppl=38 | 14K tok/s
  step   650/6764 | loss=3.5366 ppl=34 | 14K tok/s
  step   700/6764 | loss=3.5129 ppl=34 | 14K tok/s
  step   750/6764 | loss=3.2843 ppl=27 | 14K tok/s
  step   800/6764 | loss=3.2480 ppl=26 | 14K tok/s
  step   850/6764 | loss=3.0629 ppl=21 | 14K tok/s
  step   900/6764 | loss=2.9503 ppl=19 | 14K tok/s
  step   950/6764 | loss=2.9166 ppl=18 | 14K tok/s
  step  1000/6764 | loss=2.7927 ppl=16 | 14K tok/s
  step  1050/6764 | loss=2.6881 ppl=15 | 14K tok/s
  step  1100/6764 | loss=2.9384 ppl=19 | 14K tok/s
  step  1150/6764 | loss=2.4432 ppl=12 | 14K tok/s
  step  1200/6764 | loss=2.8919 ppl=18 | 14K tok/s
  step  1250/6764 | loss=2.6589 ppl=14 | 14K tok/s
  step  1300/6764 | loss=2.9391 ppl=19 | 14K tok/s
  step  1350/6764 | loss=2.7657 ppl=16 | 14K tok/s
  step  1400/6764 | loss=3.1969 ppl=24 | 14K tok/s
  step  1450/6764 | loss=2.5900 ppl=13 | 14K tok/s
  step  1500/6764 | loss=2.9473 ppl=19 | 14K tok/s
  step  1550/6764 | loss=2.7614 ppl=16 | 14K tok/s
  step  1600/6764 | loss=2.8140 ppl=17 | 14K tok/s
  step  1650/6764 | loss=2.4761 ppl=12 | 14K tok/s
  step  1700/6764 | loss=2.5448 ppl=13 | 14K tok/s
  step  1750/6764 | loss=2.2573 ppl=10 | 14K tok/s
  step  1800/6764 | loss=2.4710 ppl=12 | 14K tok/s
  step  1850/6764 | loss=2.3171 ppl=10 | 14K tok/s
  step  1900/6764 | loss=2.4231 ppl=11 | 14K tok/s
  step  1950/6764 | loss=2.1457 ppl=9 | 14K tok/s
  step  2000/6764 | loss=2.4977 ppl=12 | 14K tok/s
  step  2050/6764 | loss=2.5746 ppl=13 | 14K tok/s
  step  2100/6764 | loss=2.3604 ppl=11 | 14K tok/s
  step  2150/6764 | loss=2.1247 ppl=8 | 14K tok/s
  step  2200/6764 | loss=2.4447 ppl=12 | 14K tok/s
  step  2250/6764 | loss=2.2433 ppl=9 | 14K tok/s
  step  2300/6764 | loss=2.2011 ppl=9 | 14K tok/s
  step  2350/6764 | loss=2.4636 ppl=12 | 14K tok/s
  step  2400/6764 | loss=2.2473 ppl=9 | 14K tok/s
  step  2450/6764 | loss=2.2489 ppl=9 | 14K tok/s
  step  2500/6764 | loss=2.3557 ppl=11 | 14K tok/s
  step  2550/6764 | loss=2.2420 ppl=9 | 14K tok/s
  step  2600/6764 | loss=2.2984 ppl=10 | 14K tok/s
  step  2650/6764 | loss=2.0821 ppl=8 | 14K tok/s
  step  2700/6764 | loss=2.1721 ppl=9 | 14K tok/s
  step  2750/6764 | loss=2.2149 ppl=9 | 14K tok/s
  step  2800/6764 | loss=2.0541 ppl=8 | 14K tok/s
  step  2850/6764 | loss=2.1861 ppl=9 | 14K tok/s
  step  2900/6764 | loss=2.0731 ppl=8 | 14K tok/s
  step  2950/6764 | loss=2.0078 ppl=7 | 14K tok/s
  step  3000/6764 | loss=2.0720 ppl=8 | 14K tok/s
  step  3050/6764 | loss=2.1658 ppl=9 | 14K tok/s
  step  3100/6764 | loss=2.2530 ppl=10 | 14K tok/s
  step  3150/6764 | loss=2.2966 ppl=10 | 14K tok/s
  step  3200/6764 | loss=2.3316 ppl=10 | 14K tok/s
  step  3250/6764 | loss=2.0700 ppl=8 | 14K tok/s
  step  3300/6764 | loss=2.2728 ppl=10 | 14K tok/s
  step  3350/6764 | loss=2.2949 ppl=10 | 14K tok/s
  step  3400/6764 | loss=2.3722 ppl=11 | 14K tok/s
  step  3450/6764 | loss=2.0300 ppl=8 | 14K tok/s
  step  3500/6764 | loss=1.8460 ppl=6 | 14K tok/s
  step  3550/6764 | loss=2.1784 ppl=9 | 14K tok/s
  step  3600/6764 | loss=1.9026 ppl=7 | 14K tok/s
  step  3650/6764 | loss=2.0855 ppl=8 | 14K tok/s
  step  3700/6764 | loss=1.7834 ppl=6 | 14K tok/s
  step  3750/6764 | loss=1.9765 ppl=7 | 14K tok/s
  step  3800/6764 | loss=2.1268 ppl=8 | 14K tok/s
  step  3850/6764 | loss=1.9985 ppl=7 | 14K tok/s
  step  3900/6764 | loss=1.7154 ppl=6 | 14K tok/s
  step  3950/6764 | loss=2.0251 ppl=8 | 14K tok/s
  step  4000/6764 | loss=1.7274 ppl=6 | 14K tok/s
  step  4050/6764 | loss=1.9841 ppl=7 | 14K tok/s
  step  4100/6764 | loss=1.8815 ppl=7 | 14K tok/s
  step  4150/6764 | loss=2.1174 ppl=8 | 14K tok/s
  step  4200/6764 | loss=1.7802 ppl=6 | 14K tok/s
  step  4250/6764 | loss=2.0950 ppl=8 | 14K tok/s
  step  4300/6764 | loss=1.9455 ppl=7 | 14K tok/s
  step  4350/6764 | loss=2.1002 ppl=8 | 14K tok/s
  step  4400/6764 | loss=1.7930 ppl=6 | 14K tok/s
  step  4450/6764 | loss=1.8840 ppl=7 | 14K tok/s
  step  4500/6764 | loss=1.8632 ppl=6 | 14K tok/s
  step  4550/6764 | loss=1.8233 ppl=6 | 14K tok/s
  step  4600/6764 | loss=2.1674 ppl=9 | 14K tok/s
  step  4650/6764 | loss=1.8846 ppl=7 | 14K tok/s
  step  4700/6764 | loss=2.0021 ppl=7 | 14K tok/s
  step  4750/6764 | loss=1.9644 ppl=7 | 14K tok/s
  step  4800/6764 | loss=1.8719 ppl=7 | 14K tok/s
  step  4850/6764 | loss=1.9602 ppl=7 | 14K tok/s
  step  4900/6764 | loss=2.1562 ppl=9 | 14K tok/s
  step  4950/6764 | loss=2.0992 ppl=8 | 14K tok/s
  step  5000/6764 | loss=2.0842 ppl=8 | 14K tok/s
  step  5050/6764 | loss=1.9247 ppl=7 | 14K tok/s
  step  5100/6764 | loss=1.7242 ppl=6 | 14K tok/s
  step  5150/6764 | loss=1.8199 ppl=6 | 14K tok/s
  step  5200/6764 | loss=1.9780 ppl=7 | 14K tok/s
  step  5250/6764 | loss=1.8491 ppl=6 | 14K tok/s
  step  5300/6764 | loss=1.7609 ppl=6 | 14K tok/s
  step  5350/6764 | loss=1.9114 ppl=7 | 14K tok/s
  step  5400/6764 | loss=1.8200 ppl=6 | 14K tok/s
  step  5450/6764 | loss=2.3266 ppl=10 | 14K tok/s
  step  5500/6764 | loss=1.7127 ppl=6 | 14K tok/s
  step  5550/6764 | loss=1.8816 ppl=7 | 14K tok/s
  step  5600/6764 | loss=1.8541 ppl=6 | 14K tok/s
  step  5650/6764 | loss=1.6574 ppl=5 | 14K tok/s
  step  5700/6764 | loss=2.0902 ppl=8 | 14K tok/s
  step  5750/6764 | loss=2.2514 ppl=10 | 14K tok/s
  step  5800/6764 | loss=1.8108 ppl=6 | 14K tok/s
  step  5850/6764 | loss=1.7244 ppl=6 | 14K tok/s
  step  5900/6764 | loss=1.8031 ppl=6 | 14K tok/s
  step  5950/6764 | loss=2.0672 ppl=8 | 14K tok/s
  step  6000/6764 | loss=1.9202 ppl=7 | 14K tok/s
  step  6050/6764 | loss=1.8229 ppl=6 | 14K tok/s
  step  6100/6764 | loss=1.9088 ppl=7 | 14K tok/s
  step  6150/6764 | loss=1.7298 ppl=6 | 14K tok/s
  step  6200/6764 | loss=1.9195 ppl=7 | 14K tok/s
  step  6250/6764 | loss=1.7225 ppl=6 | 14K tok/s
  step  6300/6764 | loss=1.5441 ppl=5 | 14K tok/s
  step  6350/6764 | loss=1.6599 ppl=5 | 14K tok/s
  step  6400/6764 | loss=1.6552 ppl=5 | 14K tok/s
  step  6450/6764 | loss=1.6020 ppl=5 | 14K tok/s
  step  6500/6764 | loss=1.6015 ppl=5 | 14K tok/s
  step  6550/6764 | loss=1.5646 ppl=5 | 14K tok/s
  step  6600/6764 | loss=1.7441 ppl=6 | 14K tok/s
  step  6650/6764 | loss=1.6410 ppl=5 | 14K tok/s
  step  6700/6764 | loss=1.9000 ppl=7 | 14K tok/s
  step  6750/6764 | loss=1.7872 ppl=6 | 14K tok/s

=======================================================
DONE: checkpoints/scale_mix_29M_2ep.pt
  VAL PPL: 5 | 68.1min | 14K tok/s
  Checkpoint: checkpoints/scale_mix_29M_2ep.pt (0.4GB)
=======================================================
